[    0.000000] Linux version 4.15.0-91-generic (buildd@lgw01-amd64-013) (gcc version 7.4.0 (Ubuntu 7.4.0-1ubuntu1~18.04.1)) #92-Ubuntu SMP Fri Feb 28 11:09:48 UTC 2020 (Ubuntu 4.15.0-91.92-generic 4.15.18)
[    0.000000] Command line: BOOT_IMAGE=/boot/vmlinuz-4.15.0-91-generic root=LABEL=cloudimg-rootfs ro console=tty1 console=ttyS0
[    0.000000] KERNEL supported cpus:
[    0.000000]   Intel GenuineIntel
[    0.000000]   AMD AuthenticAMD
[    0.000000]   Centaur CentaurHauls
[    0.000000] [Firmware Bug]: TSC doesn't count with P0 frequency!
[    0.000000] x86/fpu: x87 FPU will use FXSAVE
[    0.000000] e820: BIOS-provided physical RAM map:
[    0.000000] BIOS-e820: [mem 0x0000000000000000-0x000000000009fbff] usable
[    0.000000] BIOS-e820: [mem 0x000000000009fc00-0x000000000009ffff] reserved
[    0.000000] BIOS-e820: [mem 0x00000000000f0000-0x00000000000fffff] reserved
[    0.000000] BIOS-e820: [mem 0x0000000000100000-0x000000003ffeffff] usable
[    0.000000] BIOS-e820: [mem 0x000000003fff0000-0x000000003fffffff] ACPI data
[    0.000000] BIOS-e820: [mem 0x00000000fec00000-0x00000000fec00fff] reserved
[    0.000000] BIOS-e820: [mem 0x00000000fee00000-0x00000000fee00fff] reserved
[    0.000000] BIOS-e820: [mem 0x00000000fffc0000-0x00000000ffffffff] reserved
[    0.000000] NX (Execute Disable) protection: active
[    0.000000] SMBIOS 2.5 present.
[    0.000000] DMI: innotek GmbH VirtualBox/VirtualBox, BIOS VirtualBox 12/01/2006
[    0.000000] Hypervisor detected: KVM
[    0.000000] e820: last_pfn = 0x3fff0 max_arch_pfn = 0x400000000
[    0.000000] MTRR: Disabled
[    0.000000] x86/PAT: MTRRs disabled, skipping PAT initialization too.
[    0.000000] CPU MTRRs all blank - virtualized system.
[    0.000000] x86/PAT: Configuration [0-7]: WB  WT  UC- UC  WB  WT  UC- UC  
[    0.000000] found SMP MP-table at [mem 0x0009fff0-0x0009ffff]
[    0.000000] Scanning 1 areas for low memory corruption
[    0.000000] RAMDISK: [mem 0x35a6b000-0x36d2cfff]
[    0.000000] ACPI: Early table checksum verification disabled
[    0.000000] ACPI: RSDP 0x00000000000E0000 000024 (v02 VBOX  )
[    0.000000] ACPI: XSDT 0x000000003FFF0030 00003C (v01 VBOX   VBOXXSDT 00000001 ASL  00000061)
[    0.000000] ACPI: FACP 0x000000003FFF00F0 0000F4 (v04 VBOX   VBOXFACP 00000001 ASL  00000061)
[    0.000000] ACPI: DSDT 0x000000003FFF0470 0022EA (v02 VBOX   VBOXBIOS 00000002 INTL 20100528)
[    0.000000] ACPI: FACS 0x000000003FFF0200 000040
[    0.000000] ACPI: FACS 0x000000003FFF0200 000040
[    0.000000] ACPI: APIC 0x000000003FFF0240 00005C (v02 VBOX   VBOXAPIC 00000001 ASL  00000061)
[    0.000000] ACPI: SSDT 0x000000003FFF02A0 0001CC (v01 VBOX   VBOXCPUT 00000002 INTL 20100528)
[    0.000000] No NUMA configuration found
[    0.000000] Faking a node at [mem 0x0000000000000000-0x000000003ffeffff]
[    0.000000] NODE_DATA(0) allocated [mem 0x3ffc5000-0x3ffeffff]
[    0.000000] kvm-clock: cpu 0, msr 0:3ff44001, primary cpu clock
[    0.000000] kvm-clock: Using msrs 4b564d01 and 4b564d00
[    0.000000] kvm-clock: using sched offset of 9284884292 cycles
[    0.000000] clocksource: kvm-clock: mask: 0xffffffffffffffff max_cycles: 0x1cd42e4dffb, max_idle_ns: 881590591483 ns
[    0.000000] Zone ranges:
[    0.000000]   DMA      [mem 0x0000000000001000-0x0000000000ffffff]
[    0.000000]   DMA32    [mem 0x0000000001000000-0x000000003ffeffff]
[    0.000000]   Normal   empty
[    0.000000]   Device   empty
[    0.000000] Movable zone start for each node
[    0.000000] Early memory node ranges
[    0.000000]   node   0: [mem 0x0000000000001000-0x000000000009efff]
[    0.000000]   node   0: [mem 0x0000000000100000-0x000000003ffeffff]
[    0.000000] Reserved but unavailable: 98 pages
[    0.000000] Initmem setup node 0 [mem 0x0000000000001000-0x000000003ffeffff]
[    0.000000] ACPI: PM-Timer IO Port: 0x4008
[    0.000000] IOAPIC[0]: apic_id 2, version 32, address 0xfec00000, GSI 0-23
[    0.000000] ACPI: INT_SRC_OVR (bus 0 bus_irq 0 global_irq 2 dfl dfl)
[    0.000000] ACPI: INT_SRC_OVR (bus 0 bus_irq 9 global_irq 9 low level)
[    0.000000] Using ACPI (MADT) for SMP configuration information
[    0.000000] smpboot: Allowing 2 CPUs, 0 hotplug CPUs
[    0.000000] PM: Registered nosave memory: [mem 0x00000000-0x00000fff]
[    0.000000] PM: Registered nosave memory: [mem 0x0009f000-0x0009ffff]
[    0.000000] PM: Registered nosave memory: [mem 0x000a0000-0x000effff]
[    0.000000] PM: Registered nosave memory: [mem 0x000f0000-0x000fffff]
[    0.000000] e820: [mem 0x40000000-0xfebfffff] available for PCI devices
[    0.000000] Booting paravirtualized kernel on KVM
[    0.000000] clocksource: refined-jiffies: mask: 0xffffffff max_cycles: 0xffffffff, max_idle_ns: 7645519600211568 ns
[    0.000000] random: get_random_bytes called from start_kernel+0x99/0x4fd with crng_init=0
[    0.000000] setup_percpu: NR_CPUS:8192 nr_cpumask_bits:2 nr_cpu_ids:2 nr_node_ids:1
[    0.000000] percpu: Embedded 45 pages/cpu s147456 r8192 d28672 u1048576
[    0.000000] PV qspinlock hash table entries: 256 (order: 0, 4096 bytes)
[    0.000000] Built 1 zonelists, mobility grouping on.  Total pages: 257913
[    0.000000] Policy zone: DMA32
[    0.000000] Kernel command line: BOOT_IMAGE=/boot/vmlinuz-4.15.0-91-generic root=LABEL=cloudimg-rootfs ro console=tty1 console=ttyS0
[    0.000000] Memory: 983060K/1048120K available (12300K kernel code, 2481K rwdata, 4264K rodata, 2432K init, 2712K bss, 65060K reserved, 0K cma-reserved)
[    0.000000] SLUB: HWalign=64, Order=0-3, MinObjects=0, CPUs=2, Nodes=1
[    0.000000] ftrace: allocating 39347 entries in 154 pages
[    0.004000] Hierarchical RCU implementation.
[    0.004000] 	RCU restricting CPUs from NR_CPUS=8192 to nr_cpu_ids=2.
[    0.004000] 	Tasks RCU enabled.
[    0.004000] RCU: Adjusting geometry for rcu_fanout_leaf=16, nr_cpu_ids=2
[    0.004000] NR_IRQS: 524544, nr_irqs: 440, preallocated irqs: 16
[    0.004000] Console: colour VGA+ 80x25
[    0.004000] console [tty1] enabled
[    0.004000] console [ttyS0] enabled
[    0.004000] ACPI: Core revision 20170831
[    0.004000] ACPI: 2 ACPI AML tables successfully acquired and loaded
[    0.004000] APIC: Switch to symmetric I/O mode setup
[    0.004000] ..TIMER: vector=0x30 apic1=0 pin1=2 apic2=-1 pin2=-1
[    0.004008] tsc: Detected 1996.185 MHz processor
[    0.008012] Calibrating delay loop (skipped) preset value.. 3992.37 BogoMIPS (lpj=7984740)
[    0.012014] pid_max: default: 32768 minimum: 301
[    0.016144] Security Framework initialized
[    0.020009] Yama: becoming mindful.
[    0.024206] AppArmor: AppArmor initialized
[    0.043383] Dentry cache hash table entries: 131072 (order: 8, 1048576 bytes)
[    0.056394] Inode-cache hash table entries: 65536 (order: 7, 524288 bytes)
[    0.060196] Mount-cache hash table entries: 2048 (order: 2, 16384 bytes)
[    0.064203] Mountpoint-cache hash table entries: 2048 (order: 2, 16384 bytes)
[    0.073734] Last level iTLB entries: 4KB 1024, 2MB 1024, 4MB 512
[    0.076010] Last level dTLB entries: 4KB 1536, 2MB 1536, 4MB 768, 1GB 0
[    0.080010] Spectre V1 : Mitigation: usercopy/swapgs barriers and __user pointer sanitization
[    0.084010] Spectre V2 : Spectre mitigation: LFENCE not serializing, switching to generic retpoline
[    0.088008] Spectre V2 : Mitigation: Full generic retpoline
[    0.092008] Spectre V2 : Spectre v2 / SpectreRSB mitigation: Filling RSB on context switch
[    0.096010] Speculative Store Bypass: Mitigation: Speculative Store Bypass disabled via prctl and seccomp
[    0.100266] Freeing SMP alternatives memory: 36K
[    0.216305] APIC calibration not consistent with PM-Timer: 98ms instead of 100ms
[    0.220000] APIC delta adjusted to PM-Timer: 6336910 (6261920)
[    0.220944] smpboot: CPU0: AMD Ryzen 3 PRO 2300U w/ Radeon Vega Mobile Gfx (family: 0x17, model: 0x11, stepping: 0x0)
[    0.224000] Performance Events: PMU not available due to virtualization, using software events only.
[    0.224000] Hierarchical SRCU implementation.
[    0.228068] NMI watchdog: Perf event create on CPU 0 failed with -2
[    0.236199] NMI watchdog: Perf NMI watchdog permanently disabled
[    0.244684] smp: Bringing up secondary CPUs ...
[    0.253006] x86: Booting SMP configuration:
[    0.256015] .... node  #0, CPUs:      #1
[    0.004000] kvm-clock: cpu 1, msr 0:3ff44041, secondary cpu clock
[    0.294401] TSC synchronization [CPU#0 -> CPU#1]:
[    0.296000] Measured 12779 cycles TSC warp between CPUs, turning off TSC clock.
[    0.296000] tsc: Marking TSC unstable due to check_tsc_sync_source failed
[    0.308007] smp: Brought up 1 node, 2 CPUs
[    0.312013] smpboot: Max logical packages: 1
[    0.316011] smpboot: Total of 2 processors activated (7984.74 BogoMIPS)
[    0.336478] devtmpfs: initialized
[    0.364171] x86/mm: Memory block size: 128MB
[    0.392899] evm: security.selinux
[    0.412008] evm: security.SMACK64
[    0.436007] evm: security.SMACK64EXEC
[    0.456010] evm: security.SMACK64TRANSMUTE
[    0.484010] evm: security.SMACK64MMAP
[    0.508008] evm: security.apparmor
[    0.540011] evm: security.ima
[    0.568006] evm: security.capability
[    0.613802] clocksource: jiffies: mask: 0xffffffff max_cycles: 0xffffffff, max_idle_ns: 7645041785100000 ns
[    0.680021] futex hash table entries: 512 (order: 3, 32768 bytes)
[    0.717068] pinctrl core: initialized pinctrl subsystem
[    0.756005] RTC time: 12:18:17, date: 04/25/20
[    0.793152] NET: Registered protocol family 16
[    0.824303] audit: initializing netlink subsys (disabled)
[    0.856301] audit: type=2000 audit(1587817106.041:1): state=initialized audit_enabled=0 res=1
[    0.864327] cpuidle: using governor ladder
[    0.868553] cpuidle: using governor menu
[    0.921751] ACPI: bus type PCI registered
[    0.952012] acpiphp: ACPI Hot Plug PCI Controller Driver version: 0.5
[    0.993010] PCI: Using configuration type 1 for base access
[    1.028005] PCI: Using configuration type 1 for extended access
[    1.071164] HugeTLB registered 2.00 MiB page size, pre-allocated 0 pages
[    1.132288] ACPI: Added _OSI(Module Device)
[    1.152009] ACPI: Added _OSI(Processor Device)
[    1.176008] ACPI: Added _OSI(3.0 _SCP Extensions)
[    1.204006] ACPI: Added _OSI(Processor Aggregator Device)
[    1.248014] ACPI: Added _OSI(Linux-Dell-Video)
[    1.284013] ACPI: Added _OSI(Linux-Lenovo-NV-HDMI-Audio)
[    1.316018] ACPI: Added _OSI(Linux-HPI-Hybrid-Graphics)
[    1.350196] ACPI: Executed 1 blocks of module-level executable AML code
[    1.409796] ACPI: Interpreter enabled
[    1.448032] ACPI: (supports S0 S5)
[    1.468009] ACPI: Using IOAPIC for interrupt routing
[    1.496274] PCI: Using host bridge windows from ACPI; if necessary, use "pci=nocrs" and report a bug
[    1.560730] ACPI: Enabled 2 GPEs in block 00 to 07
[    1.620634] ACPI: PCI Root Bridge [PCI0] (domain 0000 [bus 00-ff])
[    1.652024] acpi PNP0A03:00: _OSC: OS supports [ExtendedConfig ASPM ClockPM Segments MSI]
[    1.702849] acpi PNP0A03:00: _OSC: platform does not support [PCIeCapability]
[    1.752439] acpi PNP0A03:00: _OSC: not requesting control; platform does not support [PCIeCapability]
[    1.804012] acpi PNP0A03:00: _OSC: OS requested [PCIeHotplug PME AER PCIeCapability]
[    1.848014] acpi PNP0A03:00: _OSC: platform willing to grant [PCIeHotplug PME AER]
[    1.900012] acpi PNP0A03:00: _OSC failed (AE_SUPPORT); disabling ASPM
[    1.954150] PCI host bridge to bus 0000:00
[    1.956012] pci_bus 0000:00: root bus resource [io  0x0000-0x0cf7 window]
[    1.964019] pci_bus 0000:00: root bus resource [io  0x0d00-0xffff window]
[    1.968013] pci_bus 0000:00: root bus resource [mem 0x000a0000-0x000bffff window]
[    1.972012] pci_bus 0000:00: root bus resource [mem 0x40000000-0xfdffffff window]
[    1.976015] pci_bus 0000:00: root bus resource [bus 00-ff]
[    2.008328] pci 0000:00:01.1: legacy IDE quirk: reg 0x10: [io  0x01f0-0x01f7]
[    2.012012] pci 0000:00:01.1: legacy IDE quirk: reg 0x14: [io  0x03f6]
[    2.016016] pci 0000:00:01.1: legacy IDE quirk: reg 0x18: [io  0x0170-0x0177]
[    2.024013] pci 0000:00:01.1: legacy IDE quirk: reg 0x1c: [io  0x0376]
[    2.134030] pci 0000:00:07.0: quirk: [io  0x4000-0x403f] claimed by PIIX4 ACPI
[    2.136128] pci 0000:00:07.0: quirk: [io  0x4100-0x410f] claimed by PIIX4 SMB
[    2.165745] ACPI: PCI Interrupt Link [LNKA] (IRQs 5 9 10 *11)
[    2.169050] ACPI: PCI Interrupt Link [LNKB] (IRQs 5 9 *10 11)
[    2.172584] ACPI: PCI Interrupt Link [LNKC] (IRQs 5 *9 10 11)
[    2.176606] ACPI: PCI Interrupt Link [LNKD] (IRQs 5 9 10 *11)
[    2.185182] SCSI subsystem initialized
[    2.194328] pci 0000:00:02.0: vgaarb: setting as boot VGA device
[    2.196000] pci 0000:00:02.0: vgaarb: VGA device added: decodes=io+mem,owns=io+mem,locks=none
[    2.196014] pci 0000:00:02.0: vgaarb: bridge control possible
[    2.200009] vgaarb: loaded
[    2.204059] ACPI: bus type USB registered
[    2.208089] usbcore: registered new interface driver usbfs
[    2.212046] usbcore: registered new interface driver hub
[    2.220391] usbcore: registered new device driver usb
[    2.227327] EDAC MC: Ver: 3.0.0
[    2.256404] PCI: Using ACPI for IRQ routing
[    2.262454] NetLabel: Initializing
[    2.264007] NetLabel:  domain hash size = 128
[    2.272010] NetLabel:  protocols = UNLABELED CIPSOv4 CALIPSO
[    2.280044] NetLabel:  unlabeled traffic allowed by default
[    2.306255] clocksource: Switched to clocksource kvm-clock
[    2.453103] VFS: Disk quotas dquot_6.6.0
[    2.456355] VFS: Dquot-cache hash table entries: 512 (order 0, 4096 bytes)
[    2.456355] AppArmor: AppArmor Filesystem Enabled
[    2.456355] pnp: PnP ACPI init
[    2.456355] pnp: PnP ACPI: found 3 devices
[    2.712627] clocksource: acpi_pm: mask: 0xffffff max_cycles: 0xffffff, max_idle_ns: 2085701024 ns
[    2.716525] NET: Registered protocol family 2
[    2.716525] TCP established hash table entries: 8192 (order: 4, 65536 bytes)
[    2.794053] TCP bind hash table entries: 8192 (order: 5, 131072 bytes)
[    2.797506] TCP: Hash tables configured (established 8192 bind 8192)
[    2.797506] UDP hash table entries: 512 (order: 2, 16384 bytes)
[    2.797506] UDP-Lite hash table entries: 512 (order: 2, 16384 bytes)
[    2.797506] NET: Registered protocol family 1
[    2.797506] pci 0000:00:00.0: Limiting direct PCI/PCI transfers
[    2.797506] pci 0000:00:01.0: Activating ISA DMA hang workarounds
[    2.797506] pci 0000:00:02.0: Video device with shadowed ROM at [mem 0x000c0000-0x000dffff]
[    2.797506] Unpacking initramfs...
[    4.281841] Freeing initrd memory: 19208K
[    4.303778] clocksource: tsc: mask: 0xffffffffffffffff max_cycles: 0x398c3491554, max_idle_ns: 881590489195 ns
[    4.355758] platform rtc_cmos: registered platform RTC device (no PNP device found)
[    4.404763] Scanning for low memory corruption every 60 seconds
[    4.452430] Initialise system trusted keyrings
[    4.481244] Key type blacklist registered
[    4.521096] workingset: timestamp_bits=36 max_order=18 bucket_order=0
[    4.569330] zbud: loaded
[    4.598106] squashfs: version 4.0 (2009/01/31) Phillip Lougher
[    4.634270] fuse init (API version 7.26)
[    4.861062] Key type asymmetric registered
[    4.890296] Asymmetric key parser 'x509' registered
[    4.914395] Block layer SCSI generic (bsg) driver version 0.4 loaded (major 246)
[    4.956782] io scheduler noop registered
[    4.975277] io scheduler deadline registered
[    5.000309] io scheduler cfq registered (default)
[    5.027248] ACPI: AC Adapter [AC] (on-line)
[    5.049151] input: Power Button as /devices/LNXSYSTM:00/LNXPWRBN:00/input/input0
[    5.086216] ACPI: Power Button [PWRF]
[    5.105364] input: Sleep Button as /devices/LNXSYSTM:00/LNXSLPBN:00/input/input1
[    5.145045] ACPI: Sleep Button [SLPF]
[    5.164618] Serial: 8250/16550 driver, 32 ports, IRQ sharing enabled
[    5.167363] ACPI: Battery Slot [BAT0] (battery present)
[    5.539265] 00:02: ttyS0 at I/O 0x3f8 (irq = 4, base_baud = 115200) is a 16550A
[    5.674675] Linux agpgart interface v0.103
[    5.731282] loop: module loaded
[    5.756194] scsi host0: ata_piix
[    5.786202] scsi host1: ata_piix
[    5.809978] ata1: PATA max UDMA/33 cmd 0x1f0 ctl 0x3f6 bmdma 0xd000 irq 14
[    5.845055] ata2: PATA max UDMA/33 cmd 0x170 ctl 0x376 bmdma 0xd008 irq 15
[    5.882195] libphy: Fixed MDIO Bus: probed
[    5.909873] tun: Universal TUN/TAP device driver, 1.6
[    5.937530] PPP generic driver version 2.4.2
[    5.963123] ehci_hcd: USB 2.0 'Enhanced' Host Controller (EHCI) Driver
[    6.003017] ehci-pci: EHCI PCI platform driver
[    6.031612] ehci-platform: EHCI generic platform driver
[    6.063561] ohci_hcd: USB 1.1 'Open' Host Controller (OHCI) Driver
[    6.102766] ohci-pci: OHCI PCI platform driver
[    6.130013] ohci-platform: OHCI generic platform driver
[    6.162423] uhci_hcd: USB Universal Host Controller Interface driver
[    6.196484] i8042: PNP: PS/2 Controller [PNP0303:PS2K,PNP0f03:PS2M] at 0x60,0x64 irq 1,12
[    6.247666] serio: i8042 KBD port at 0x60,0x64 irq 1
[    6.280200] serio: i8042 AUX port at 0x60,0x64 irq 12
[    6.307120] mousedev: PS/2 mouse device common for all mice
[    6.347677] input: AT Translated Set 2 keyboard as /devices/platform/i8042/serio0/input/input2
[    6.347799] rtc_cmos rtc_cmos: rtc core: registered rtc_cmos as rtc0
[    6.659374] rtc_cmos rtc_cmos: alarms up to one day, 114 bytes nvram
[    6.693330] i2c /dev entries driver
[    6.710852] device-mapper: uevent: version 1.0.3
[    6.723264] device-mapper: ioctl: 4.37.0-ioctl (2017-09-20) initialised: dm-devel@redhat.com
[    6.777013] ledtrig-cpu: registered to indicate activity on CPUs
[    6.824005] NET: Registered protocol family 10
[    6.877049] Segment Routing with IPv6
[    6.896552] NET: Registered protocol family 17
[    6.917656] Key type dns_resolver registered
[    6.946713] mce: Using 0 MCE banks
[    6.967735] RAS: Correctable Errors collector initialized.
[    7.004260] sched_clock: Marking stable (7004086721, 0)->(11519262144, -4515175423)
[    7.070712] registered taskstats version 1
[    7.090303] Loading compiled-in X.509 certificates
[    7.118793] Loaded X.509 cert 'Build time autogenerated kernel key: d019e8c5f4cbc828f6af43369f65a014a3a68371'
[    7.180758] zswap: loaded using pool lzo/zbud
[    7.275587] Key type big_key registered
[    7.299267] Key type trusted registered
[    7.334494] Key type encrypted registered
[    7.356653] AppArmor: AppArmor sha1 policy hashing enabled
[    7.382674] ima: No TPM chip found, activating TPM-bypass! (rc=-19)
[    7.415596] ima: Allocated hash algorithm: sha1
[    7.440948] evm: HMAC attrs: 0x1
[    7.458058]   Magic number: 0:410:330
[    7.479731] tty tty51: hash matches
[    7.506207] rtc_cmos rtc_cmos: setting system clock to 2020-04-25 12:18:25 UTC (1587817105)
[    7.560933] BIOS EDD facility v0.16 2004-Jun-25, 0 devices found
[    7.593565] EDD information not available.
[    7.630330] Freeing unused kernel image memory: 2432K
[    7.683102] Write protecting the kernel read-only data: 20480k
[    7.718482] Freeing unused kernel image memory: 2008K
[    7.754559] Freeing unused kernel image memory: 1880K
[    7.790253] x86/mm: Checked W+X mappings: passed, no W+X pages found.
Loading, please wait...
starting version 237
[    8.132750] Fusion MPT base driver 3.04.20
[    8.158754] Copyright (c) 1999-2008 LSI Corporation
[    8.204365] e1000: Intel(R) PRO/1000 Network Driver - version 7.3.21-k8-NAPI
[    8.247371] e1000: Copyright (c) 1999-2006 Intel Corporation.
[    8.377989] Fusion MPT SPI Host driver 3.04.20
[    9.510533] input: ImExPS/2 Generic Explorer Mouse as /devices/platform/i8042/serio1/input/input4
[    9.549383] e1000 0000:00:03.0 eth0: (PCI:33MHz:32-bit) 02:85:4f:0b:ef:e7
[    9.639110] e1000 0000:00:03.0 eth0: Intel(R) PRO/1000 Network Connection
[    9.679949] mptbase: ioc0: Initiating bringup
[    9.738671] e1000 0000:00:03.0 enp0s3: renamed from eth0
[    9.868560] ioc0: LSI53C1030 A0: Capabilities={Initiator}
[   10.189084] scsi host2: ioc0: LSI53C1030 A0, FwRev=00000000h, Ports=1, MaxQ=256, IRQ=20
[   10.422825] scsi 2:0:0:0: Direct-Access     VBOX     HARDDISK         1.0  PQ: 0 ANSI: 5
[   10.512290] scsi target2:0:0: Beginning Domain Validation
[   10.562595] scsi target2:0:0: Domain Validation skipping write tests
[   10.577831] scsi target2:0:0: Ending Domain Validation
[   10.591107] scsi target2:0:0: asynchronous
[   10.601516] random: fast init done
[   10.612495] scsi 2:0:1:0: Direct-Access     VBOX     HARDDISK         1.0  PQ: 0 ANSI: 5
[   11.256973] scsi target2:0:1: Beginning Domain Validation
[   11.307550] scsi target2:0:1: Domain Validation skipping write tests
[   11.321593] scsi target2:0:1: Ending Domain Validation
[   11.333576] scsi target2:0:1: asynchronous
[   11.361561] random: systemd-udevd: uninitialized urandom read (16 bytes read)
[   11.394607] sd 2:0:0:0: [sda] 20971520 512-byte logical blocks: (10.7 GB/10.0 GiB)
[   11.808444] random: systemd-udevd: uninitialized urandom read (16 bytes read)
[   12.204351] sd 2:0:0:0: Attached scsi generic sg0 type 0
[   12.205029] sd 2:0:0:0: [sda] Write Protect is off
[   12.206038] sd 2:0:0:0: [sda] Incomplete mode parameter data
[   12.429086] random: systemd-udevd: uninitialized urandom read (16 bytes read)
[   12.429668] sd 2:0:1:0: Attached scsi generic sg1 type 0
[   12.597855] sd 2:0:0:0: [sda] Assuming drive cache: write through
[   12.636892] sd 2:0:1:0: [sdb] 20480 512-byte logical blocks: (10.5 MB/10.0 MiB)
[   12.678740] sd 2:0:1:0: [sdb] Write Protect is off
[   12.713411] sd 2:0:1:0: [sdb] Incomplete mode parameter data
[   12.744431] sd 2:0:1:0: [sdb] Assuming drive cache: write through
[   12.744890]  sda: sda1
[   13.091273] sd 2:0:1:0: [sdb] Attached SCSI disk
[   13.145109] sd 2:0:0:0: [sda] Attached SCSI disk
Begin: Loading essential drivers ... [   16.532676] raid6: sse2x1   gen()  3769 MB/s
[   16.600251] raid6: sse2x1   xor()  3842 MB/s
[   16.672371] raid6: sse2x2   gen()  7221 MB/s
[   16.747249] raid6: sse2x2   xor()  4885 MB/s
[   16.824634] raid6: sse2x4   gen()  8224 MB/s
[   16.896914] raid6: sse2x4   xor()  6240 MB/s
[   16.922548] raid6: using algorithm sse2x4 gen() 8224 MB/s
[   16.949400] raid6: .... xor() 6240 MB/s, rmw enabled
[   16.973023] raid6: using ssse3x2 recovery algorithm
[   17.019700] xor: measuring software checksum speed
[   17.096861]    prefetch64-sse:  6153.000 MB/sec
[   17.174988]    generic_sse:  7622.000 MB/sec
[   17.207674] xor: using function: generic_sse (7622.000 MB/sec)
[   17.277758] async_tx: api initialized (async)
done.
Begin: Running /scripts/init-premount ... done.
Begin: Mounting root file system ... Begin: Running /scripts/local-top ... done.
Begin: Running /scripts/local-premount ... [   17.566541] Btrfs loaded, crc32c=crc32c-intel
Scanning for Btrfs filesystems
done.
Warning: fsck not present, so skipping root file system
[   17.822165] EXT4-fs (sda1): mounted filesystem with ordered data mode. Opts: (null)
done.
Begin: Running /scripts/local-bottom ... done.
Begin: Running /scripts/init-bottom ... done.
[   18.421477] ip_tables: (C) 2000-2006 Netfilter Core Team
[   18.522711] systemd[1]: systemd 237 running in system mode. (+PAM +AUDIT +SELINUX +IMA +APPARMOR +SMACK +SYSVINIT +UTMP +LIBCRYPTSETUP +GCRYPT +GNUTLS +ACL +XZ +LZ4 +SECCOMP +BLKID +ELFUTILS +KMOD -IDN2 +IDN -PCRE2 default-hierarchy=hybrid)
[   18.631046] systemd[1]: Detected virtualization oracle.
[   18.659928] systemd[1]: Detected architecture x86-64.

Welcome to [1mUbuntu 18.04.4 LTS[0m!

[   18.835527] systemd[1]: Set hostname to <ubuntu>.
[   18.893555] systemd[1]: Initializing machine ID from random generator.
[   18.930594] systemd[1]: Installed transient /etc/machine-id file.
[   19.807856] systemd[1]: Reached target Swap.
[[0;32m  OK  [0m] Reached target Swap.
[   19.846024] systemd[1]: Set up automount Arbitrary Executable File Formats File System Automount Point.
[[0;32m  OK  [0m] Set up automount Arbitrary Executab…rmats File System Automount Point.
[   19.986190] systemd[1]: Created slice System Slice.
[[0;32m  OK  [0m] Created slice System Slice.
[   20.042895] systemd[1]: Listening on Syslog Socket.
[[0;32m  OK  [0m] Listening on Syslog Socket.
[[0;32m  OK  [0m] Listening on Network Service Netlink Socket.
[[0;32m  OK  [0m] Listening on Journal Audit Socket.
[[0;32m  OK  [0m] Listening on udev Kernel Socket.
[[0;32m  OK  [0m] Listening on LVM2 poll daemon socket.
[[0;32m  OK  [0m] Listening on udev Control Socket.
[[0;32m  OK  [0m] Created slice system-serial\x2dgetty.slice.
[[0;32m  OK  [0m] Created slice User and Session Slice.
[[0;32m  OK  [0m] Started Forward Password Requests to Wall Directory Watch.
[[0;32m  OK  [0m] Listening on LVM2 metadata daemon socket.
[[0;32m  OK  [0m] Listening on Journal Socket.
         Mounting Huge Pages File System...
         Starting Load Kernel Modules...
         Mounting POSIX Message Queue File System...[   20.345703] random: crng init done

[   20.430186] random: 7 urandom warning(s) missed due to ratelimiting
         Mounting Kernel Debug File System...
[   20.485803] Loading iSCSI transport class v2.0-870.
         Starting Set the console keyboard layout...
         Starting Create list of required st…ce nodes for the current kernel...
         Starting Uncomplicated firewall...
         Starting udev Coldplug all Devices...
[[0;32m  OK  [0m] Listening on /dev/initctl Compatibility Named Pipe.
         [   20.639334] hrtimer: interrupt took 11586517 ns
Starting Remount Root and Kernel File Systems...[   20.696108] iscsi: registered transport (tcp)

[[0;32m  OK  [0m] Reached target User and Group Name Lookups.
[[0;32m  OK  [0m] Listening on Device-mapper event daemon FIFOs.[   20.765364] EXT4-fs (sda1): re-mounted. Opts: (null)

[[0;32m  OK  [0m] Reached target Slices.
[[0;32m  OK  [0m] Reached target System Time Synchronized.
[[0;32m  OK  [0m] Listening on Journal Socket (/dev/log).
[   21.021045] iscsi: registered transport (iser)
         Starting Journal Service...
         Starting Monitoring of LVM2 mirrors…ng dmeventd or progress polling...
[[0;32m  OK  [0m] Mounted Huge Pages File System.
[[0;32m  OK  [0m] Started Load Kernel Modules.
[[0;32m  OK  [0m] Mounted POSIX Message Queue File System.
[[0;32m  OK  [0m] Mounted Kernel Debug File System.
[[0;32m  OK  [0m] Started Set the console keyboard layout.
[[0;32m  OK  [0m] Started Create list of required sta…vice nodes for the current kernel.
[[0;32m  OK  [0m] Started Journal Service.
[[0;32m  OK  [0m] Started Uncomplicated firewall.
[[0;32m  OK  [0m] Started Remount Root and Kernel File Systems.
[[0;32m  OK  [0m] Started LVM2 metadata daemon.
         Starting Load/Save Random Seed...
         Starting Flush Journal to Persistent Storage...
         Starting Create Static Device Nodes in /dev...
         Mounting FUSE Control File System...
         Mounting Kernel Configuration File System...
         Starting Apply Kernel Variables...
[[0;32m  OK  [0m] Started udev Coldplug all Devices.
[[0;32m  OK  [0m] Started Load/Save Random Seed.
[[0;32m  OK  [0m] Started Monitoring of LVM2 mirrors,…sing dmeventd or progress polling.
[[0;32m  OK  [0m] Started Create Static Device Nodes in /dev.
[[0;32m  OK  [0m] Mounted FUSE Control File System.
[[0;32m  OK  [0m] Mounted Kernel Configuration File System.
[[0;32m  OK  [0m] Started Apply Kernel Variables.
         Starting udev Kernel Device Manager...
[[0;32m  OK  [0m] Reached target Local File Systems (Pre).
[[0;32m  OK  [0m] Reached target Local File Systems.
         Starting Tell Plymouth To Write Out Runtime Data...
         Starting AppArmor initialization...
         Starting Set console font and keymap...
         Starting Commit a transient machine-id on disk...
         Starting ebtables ruleset management...
[[0;32m  OK  [0m] Started Tell Plymouth To Write Out Runtime Data.
[[0;32m  OK  [0m] Started Set console font and keymap.
[[0;32m  OK  [0m] Started udev Kernel Device Manager.
[[0;32m  OK  [0m] Started Dispatch Password Requests to Console Directory Watch.
[[0;32m  OK  [0m] Reached target Local Encrypted Volumes.
[[0;32m  OK  [0m] Started Commit a transient machine-id on disk.
[[0;32m  OK  [0m] Started Flush Journal to Persistent Storage.
         Starting Create Volatile Files and Directories...
[[0;32m  OK  [0m] Started Create Volatile Files and Directories.
[[0;32m  OK  [0m] Started ebtables ruleset management.
         Starting Update UTMP about System Boot/Shutdown...
[[0;32m  OK  [0m] Started Update UTMP about System Boot/Shutdown.
[[0;32m  OK  [0m] Found device /dev/ttyS0.
[[0;32m  OK  [0m] Listening on Load/Save RF Kill Switch Status /dev/rfkill Watch.
[[0;32m  OK  [0m] Started AppArmor initialization.
         Starting Initial cloud-init job (pre-networking)...
[   29.561763] cloud-init[520]: Cloud-init v. 19.4-33-gbb4131a2-0ubuntu1~18.04.1 running 'init-local' at Sat, 25 Apr 2020 12:18:46 +0000. Up 28.41 seconds.
[[0;32m  OK  [0m] Started Initial cloud-init job (pre-networking).
[[0;32m  OK  [0m] Reached target Network (Pre).
         Starting Network Service...
[[0;32m  OK  [0m] Started Network Service.
         Starting Network Name Resolution...
         Starting Wait for Network to be Configured...
[[0;32m  OK  [0m] Started Network Name Resolution.
[[0;32m  OK  [0m] Reached target Host and Network Name Lookups.
[[0;32m  OK  [0m] Reached target Network.
[[0;32m  OK  [0m] Started Wait for Network to be Configured.
         Starting Initial cloud-init job (metadata service crawler)...
[   32.809842] cloud-init[625]: Cloud-init v. 19.4-33-gbb4131a2-0ubuntu1~18.04.1 running 'init' at Sat, 25 Apr 2020 12:18:50 +0000. Up 32.48 seconds.
[   32.862396] cloud-init[625]: ci-info: ++++++++++++++++++++++++++++++++++++++Net device info++++++++++++++++++++++++++++++++++++++
[   32.894855] cloud-init[625]: ci-info: +--------+------+----------------------------+---------------+--------+-------------------+
[   32.973370] cloud-init[625]: ci-info: | Device |  Up  |          Address           |      Mask     | Scope  |     Hw-Address    |
[   33.047326] cloud-init[625]: ci-info: +--------+------+----------------------------+---------------+--------+-------------------+
[   33.115025] cloud-init[625]: ci-info: | enp0s3 | True |         10.0.2.15          | 255.255.255.0 | global | 02:85:4f:0b:ef:e7 |
[   33.148897] cloud-init[625]: ci-info: | enp0s3 | True | fe80::85:4fff:fe0b:efe7/64 |       .       |  link  | 02:85:4f:0b:ef:e7 |
[   33.239500] cloud-init[625]: ci-info: |   lo   | True |         127.0.0.1          |   255.0.0.0   |  host  |         .         |
[   33.375842] cloud-init[625]: ci-info: |   lo   | True |          ::1/128           |       .       |  host  |         .         |
[   33.474156] cloud-init[625]: ci-info: +--------+------+----------------------------+---------------+--------+-------------------+
[   33.522903] cloud-init[625]: ci-info: ++++++++++++++++++++++++++++Route IPv4 info+++++++++++++++++++++++++++++
[   33.648892] cloud-init[625]: ci-info: +-------+-------------+----------+-----------------+-----------+-------+
[   33.729333] cloud-init[625]: ci-info: | Route | Destination | Gateway  |     Genmask     | Interface | Flags |
[   33.753527] cloud-init[625]: ci-info: +-------+-------------+----------+-----------------+-----------+-------+
[   33.794681] cloud-init[625]: ci-info: |   0   |   0.0.0.0   | 10.0.2.2 |     0.0.0.0     |   enp0s3  |   UG  |
[   33.872828] cloud-init[625]: ci-info: |   1   |   10.0.2.0  | 0.0.0.0  |  255.255.255.0  |   enp0s3  |   U   |
[   33.961745] cloud-init[625]: ci-info: |   2   |   10.0.2.2  | 0.0.0.0  | 255.255.255.255 |   enp0s3  |   UH  |
[   34.029906] cloud-init[625]: ci-info: +-------+-------------+----------+-----------------+-----------+-------+
[   34.069887] cloud-init[625]: ci-info: +++++++++++++++++++Route IPv6 info+++++++++++++++++++
[   34.141973] cloud-init[625]: ci-info: +-------+-------------+---------+-----------+-------+
[   34.194765] cloud-init[625]: ci-info: | Route | Destination | Gateway | Interface | Flags |
[   34.256519] cloud-init[625]: ci-info: +-------+-------------+---------+-----------+-------+
[   34.283132] cloud-init[625]: ci-info: |   1   |  fe80::/64  |    ::   |   enp0s3  |   U   |
[   34.357408] cloud-init[625]: ci-info: |   3   |    local    |    ::   |   enp0s3  |   U   |
[   34.438720] cloud-init[625]: ci-info: |   4   |   ff00::/8  |    ::   |   enp0s3  |   U   |
[   34.479894] cloud-init[625]: ci-info: +-------+-------------+---------+-----------+-------+
[   35.973809] cloud-init[625]: Generating public/private rsa key pair.
[   36.003215] cloud-init[625]: Your identification has been saved in /etc/ssh/ssh_host_rsa_key.
[   36.082917] cloud-init[625]: Your public key has been saved in /etc/ssh/ssh_host_rsa_key.pub.
[   36.133582] cloud-init[625]: The key fingerprint is:
[   36.192684] cloud-init[625]: SHA256:ok5qmkhJmiYK00cLPPi1kV0pMCXtjhxXM7lcxOESFGM root@ubuntu-bionic
[   36.227843] cloud-init[625]: The key's randomart image is:
[   36.266024] cloud-init[625]: +---[RSA 2048]----+
[   36.282706] cloud-init[625]: |    +o..E=o.     |
[   36.329950] cloud-init[625]: |     +..==o      |
[   36.371472] cloud-init[625]: [[0;32m  OK  [0m] |     ..o+=.      |
[   36.465319] Started Initial cloud-init job (metadata service crawler).
[[0;32m  OK  [0m] Reached target Network is Online.cloud-init[625]: | o  .oooo.       |
[   36.539815] cloud-init[625]: |..+.==o S        |
[   36.539877] cloud-init[625]: |o+.=o=..         |
[   36.539934] cloud-init[625]: |*+o *            |
[   36.539990] cloud-init[625]: |Bo.=             |
[   36.540037] cloud-init[625]: |=o. .            |
[   36.540079] cloud-init[625]: +----[SHA256]-----+
[   36.540462] cloud-init[625]: Generating public/private dsa key pair.
[   36.540527] cloud-init[625]: Your identification has been saved in /etc/ssh/ssh_host_dsa_key.
[   36.540575] cloud-init[625]: Your public key has been saved in /etc/ssh/ssh_host_dsa_key.pub.
[   36.540618] cloud-init[625]: The key fingerprint is:
[   36.540659] cloud-init[625]: SHA256:+/GbLAhinPeZVGtgTyqIE9oIDHVdbgABhd97hIn6L6M root@ubuntu-bionic
[   36.540703] cloud-init[625]: The key's randomart image is:
[   36.540745] cloud-init[625]: +---[DSA 1024]----+
[   36.540785] cloud-init[625]: | .o+=+...        |
[   36.540833] cloud-init[625]: |. ..  .o         |
[   36.540878] cloud-init[625]: |o  . o oo        |
[   36.540919] cloud-init[625]: |... o +.+ o      |
[   36.540962] cloud-init[625]: |.+ = o +S* .     |
[   36.541002] cloud-init[625]: |o = * = +.+      |
[   36.541048] cloud-init[625]: |   + o *.=.      |
[   36.541095] cloud-init[625]: |    +   =..+ .   |
[   36.541191] cloud-init[625]: |  E. +.   ..=.   |
[   36.541255] cloud-init[625]: +----[SHA256]-----+
[   36.541296] cloud-init[625]: Generating public/private ecdsa key pair.
[   36.541341] cloud-init[625]: Your identification has been saved in /etc/ssh/ssh_host_ecdsa_key.
[   36.541385] cloud-init[625]: Your public key has been saved in /etc/ssh/ssh_host_ecdsa_key.pub.
[   36.541434] cloud-init[625]: The key fingerprint is:
[   36.541474] cloud-init[625]: SHA256:FvnXt5psTt/znFlWwyUgKb6Lu0irgENE9qkDdm5PbzY root@ubuntu-bionic
[   36.541514] cloud-init[625]: The key's randomart image is:
[   36.541554] cloud-init[625]: +---[ECDSA 256]---+
[   36.541593] cloud-init[625]: | o        ...    |
[   36.541636] cloud-init[625]: |o . .   .... .   |
[   36.541677] cloud-init[625]: |.o +   .o.    . .|
[   36.541723] cloud-init[625]: |+ +     .o   ....|
[   36.541764] cloud-init[625]: | + o .  S.. . .oo|
[   36.541811] cloud-init[625]: |o o o ...  .   .+|
[   36.541856] cloud-init[625]: |+   .. E .   . .o|
[   36.541897] cloud-init[625]: | o . o+ o   o.++=|
[   36.541940] cloud-init[625]: |  ..o oo    o= +*|
[   36.541985] cloud-init[625]: +----[SHA256]-----+
[   36.542025] cloud-init[625]: Generating public/private ed25519 key pair.
[   36.542069] cloud-init[625]: Your identification has been saved in /etc/ssh/ssh_host_ed25519_key.
[   36.542113] cloud-init[625]: Your public key has been saved in /etc/ssh/ssh_host_ed25519_key.pub.
[   36.542242] cloud-init[625]: The key fingerprint is:
[   36.542285] cloud-init[625]: SHA256:ZDApMwdtDqIsjirNq6/pLOXN8qaeiHXxuTvg/xnsZzg root@ubuntu-bionic
[   36.542331] cloud-init[625]: The key's randomart image is:
[   36.542371] cloud-init[625]: +--[ED25519 256]--+
[   36.542415] cloud-init[625]: |    .oo.         |
[   36.542462] cloud-init[625]: |  . = =o         |
[   36.542503] cloud-init[625]: |.. . O  o        |
[   36.542547] cloud-init[625]: |o.    .o         |
[   36.542590] cloud-init[625]: |+   .   S        |
[   36.542635] cloud-init[625]: |... .o o         |
[   36.542679] cloud-init[625]: |.=.+..o o.       |
[   36.542723] cloud-init[625]: |*+=o= .oEoo      |
[   36.543228] cloud-init[625]: |XB**..++++       |
[   36.543286] cloud-init[625]: +----[SHA256]-----+

[[0;32m  OK  [0m] Reached target Remote File Systems (Pre).
[[0;32m  OK  [0m] Reached target Remote File Systems.
         Starting Availability of block devices...
[[0;32m  OK  [0m] Reached target System Initialization.
[[0;32m  OK  [0m] Started Daily Cleanup of Temporary Directories.
[[0;32m  OK  [0m] Listening on Open-iSCSI iscsid Socket.
[[0;32m  OK  [0m] Started ACPI Events Check.
[[0;32m  OK  [0m] Started Discard unused blocks once a week.
         Starting LXD - unix socket.
[[0;32m  OK  [0m] Started Daily apt download activities.
[[0;32m  OK  [0m] Listening on UUID daemon activation socket.
[[0;32m  OK  [0m] Started Daily apt upgrade and clean activities.
[[0;32m  OK  [0m] Listening on D-Bus System Message Bus Socket.
[[0;32m  OK  [0m] Started Message of the Day.
[[0;32m  OK  [0m] Reached target Timers.
[[0;32m  OK  [0m] Listening on ACPID Listen Socket.
[[0;32m  OK  [0m] Reached target Paths.
         Starting Socket activation for snappy daemon.
[[0;32m  OK  [0m] Reached target Cloud-config availability.
[[0;32m  OK  [0m] Started Availability of block devices.
[[0;32m  OK  [0m] Listening on LXD - unix socket.
[[0;32m  OK  [0m] Listening on Socket activation for snappy daemon.
[[0;32m  OK  [0m] Reached target Sockets.
[[0;32m  OK  [0m] Reached target Basic System.
         Starting LSB: automatic crash report generation...
         Starting System Logging Service...
[[0;32m  OK  [0m] Started Regular background program processing daemon.
[[0;32m  OK  [0m] Started irqbalance daemon.
         Starting Permit User Sessions...
         Starting LXD - container startup/shutdown...
         Starting LSB: Record successful boot for GRUB...
[[0;32m  OK  [0m] Started FUSE filesystem for LXC.
         Starting Accounts Service...
         Starting Snappy daemon...
         Starting Pollinate to seed the pseudo random number generator...
         Starting Login Service...
[[0;32m  OK  [0m] Started Deferred execution scheduler.
[[0;32m  OK  [0m] Started D-Bus System Message Bus.
         Starting Dispatcher daemon for systemd-networkd...
         Starting Virtualbox guest utils...
[[0;32m  OK  [0m] Started System Logging Service.
[[0;32m  OK  [0m] Started Permit User Sessions.
         Starting Hold until boot process finishes up...
         Starting Terminate Plymouth Boot Screen...
[[0;32m  OK  [0m] Started Hold until boot process finishes up.
[[0;32m  OK  [0m] Started Terminate Plymouth Boot Screen.
         Starting Authorization Manager...
[[0;32m  OK  [0m] Started Serial Getty on ttyS0.
         Starting Set console scheme...
[[0;32m  OK  [0m] Started LSB: automatic crash report generation.
[[0;32m  OK  [0m] Started LXD - container startup/shutdown.
[[0;32m  OK  [0m] Started LSB: Record successful boot for GRUB.
[[0;32m  OK  [0m] Started Set console scheme.
[[0;32m  OK  [0m] Created slice system-getty.slice.
[[0;32m  OK  [0m] Started Getty on tty1.
[[0;32m  OK  [0m] Reached target Login Prompts.
[[0;32m  OK  [0m] Started Login Service.
[[0;32m  OK  [0m] Started Authorization Manager.
[[0;32m  OK  [0m] Started Accounts Service.
[[0;32m  OK  [0m] Started Unattended Upgrades Shutdown.
[[0;32m  OK  [0m] Started Virtualbox guest utils.
[[0;32m  OK  [0m] Started Dispatcher daemon for systemd-networkd.
[[0;32m  OK  [0m] Started Snappy daemon.
         Starting Wait until snapd is fully seeded...
[[0;32m  OK  [0m] Started Pollinate to seed the pseudo random number generator.
         Starting OpenBSD Secure Shell server...
[[0;32m  OK  [0m] Started OpenBSD Secure Shell server.
[[0;32m  OK  [0m] Created slice User Slice of vagrant.
         Starting User Manager for UID 1000...
[[0;32m  OK  [0m] Started Session 1 of user vagrant.
[[0;32m  OK  [0m] Started User Manager for UID 1000.

Ubuntu 18.04.4 LTS ubuntu-bionic ttyS0

ubuntu-bionic login: [   50.900933] cloud-init[1265]: Cloud-init v. 19.4-33-gbb4131a2-0ubuntu1~18.04.1 running 'modules:config' at Sat, 25 Apr 2020 12:19:07 +0000. Up 49.42 seconds.
ci-info: no authorized SSH keys fingerprints found for user ubuntu.
<14>Apr 25 12:19:10 ec2: 
<14>Apr 25 12:19:10 ec2: #############################################################
<14>Apr 25 12:19:10 ec2: -----BEGIN SSH HOST KEY FINGERPRINTS-----
<14>Apr 25 12:19:10 ec2: 1024 SHA256:+/GbLAhinPeZVGtgTyqIE9oIDHVdbgABhd97hIn6L6M root@ubuntu-bionic (DSA)
<14>Apr 25 12:19:10 ec2: 256 SHA256:FvnXt5psTt/znFlWwyUgKb6Lu0irgENE9qkDdm5PbzY root@ubuntu-bionic (ECDSA)
<14>Apr 25 12:19:10 ec2: 256 SHA256:ZDApMwdtDqIsjirNq6/pLOXN8qaeiHXxuTvg/xnsZzg root@ubuntu-bionic (ED25519)
<14>Apr 25 12:19:10 ec2: 2048 SHA256:ok5qmkhJmiYK00cLPPi1kV0pMCXtjhxXM7lcxOESFGM root@ubuntu-bionic (RSA)
<14>Apr 25 12:19:10 ec2: -----END SSH HOST KEY FINGERPRINTS-----
<14>Apr 25 12:19:10 ec2: #############################################################
-----BEGIN SSH HOST KEY KEYS-----
ecdsa-sha2-nistp256 AAAAE2VjZHNhLXNoYTItbmlzdHAyNTYAAAAIbmlzdHAyNTYAAABBBJklsKohmNNFOhtGuBqWYP3LOW5ZJ2VdHv54xchYMNzI8qjdAhAy6v8nmlogFFM0rxtsHCf8n7P8XhZAIZWWp/g= root@ubuntu-bionic
ssh-ed25519 AAAAC3NzaC1lZDI1NTE5AAAAIC/jFjo6ZPelsCMTXvwSjygyYulXUMKNICMnLBWV8HtP root@ubuntu-bionic
ssh-rsa AAAAB3NzaC1yc2EAAAADAQABAAABAQC1g8pGG9LigEwi/EuYOjsS7lWSkI5YTM5a7g8B3S40z2rA+ApwQKM6lo4f9Ac0SjTDBua/oxTwlDh1aQn+uqMmv9ninMxvMWIHnmG9OlPXPAkDbsJDVngoMRFvDi1a8+V4r9SFSD0yQ5MrutnhbLDi4woovqUjSStoHhBG2Mv3oYkfBj7T0Zfzcg3FDarUPaT92UKkwnWM/zyF5WIHi5FuXxXki1GOqMIPUnJRwOGrA7cDUTcyrMVSULQwfVLuYXNOK2O0UXV/Y6CFvfFUCIhdprjMXG8SkwgF7Kah5bMHI7MwjVqW5orD6BBEAb+QNTGtnPFs94OPpEWWOX9lJLZt root@ubuntu-bionic
-----END SSH HOST KEY KEYS-----
[   53.152115] cloud-init[1445]: Cloud-init v. 19.4-33-gbb4131a2-0ubuntu1~18.04.1 running 'modules:final' at Sat, 25 Apr 2020 12:19:09 +0000. Up 51.92 seconds.
[   53.155458] cloud-init[1445]: ci-info: no authorized SSH keys fingerprints found for user ubuntu.
[   53.198930] cloud-init[1445]: Cloud-init v. 19.4-33-gbb4131a2-0ubuntu1~18.04.1 finished at Sat, 25 Apr 2020 12:19:11 +0000. Datasource DataSourceNoCloud [seed=/dev/sdb][dsmode=net].  Up 53.13 seconds
